23:59:39.961 [main] INFO  o.s.b.t.c.SpringBootTestContextBootstrapper - Neither @ContextConfiguration nor @ContextHierarchy found for test class [com.velib.api.client.controller.TestSplioAppController], using SpringBootContextLoader
23:59:39.969 [main] INFO  o.s.t.c.s.AbstractContextLoader - Could not detect default resource locations for test class [com.velib.api.client.controller.TestSplioAppController]: no resource found for suffixes {-context.xml, Context.groovy}.
23:59:39.970 [main] INFO  o.s.t.c.s.AnnotationConfigContextLoaderUtils - Could not detect default configuration classes for test class [com.velib.api.client.controller.TestSplioAppController]: TestSplioAppController does not declare any static, non-private, non-final, nested classes annotated with @Configuration.
23:59:40.108 [main] INFO  o.s.b.t.c.SpringBootTestContextBootstrapper - Found @SpringBootConfiguration com.velib.SplioApp for test class com.velib.api.client.controller.TestSplioAppController
23:59:40.257 [main] INFO  o.s.b.t.c.SpringBootTestContextBootstrapper - Loaded default TestExecutionListener class names from location [META-INF/spring.factories]: [org.springframework.boot.test.mock.mockito.MockitoTestExecutionListener, org.springframework.boot.test.mock.mockito.ResetMocksTestExecutionListener, org.springframework.boot.test.autoconfigure.restdocs.RestDocsTestExecutionListener, org.springframework.boot.test.autoconfigure.web.client.MockRestServiceServerResetTestExecutionListener, org.springframework.boot.test.autoconfigure.web.servlet.MockMvcPrintOnlyOnFailureTestExecutionListener, org.springframework.boot.test.autoconfigure.web.servlet.WebDriverTestExecutionListener, org.springframework.boot.test.autoconfigure.webservices.client.MockWebServiceServerTestExecutionListener, org.springframework.test.context.web.ServletTestExecutionListener, org.springframework.test.context.support.DirtiesContextBeforeModesTestExecutionListener, org.springframework.test.context.event.ApplicationEventsTestExecutionListener, org.springframework.test.context.support.DependencyInjectionTestExecutionListener, org.springframework.test.context.support.DirtiesContextTestExecutionListener, org.springframework.test.context.transaction.TransactionalTestExecutionListener, org.springframework.test.context.jdbc.SqlScriptsTestExecutionListener, org.springframework.test.context.event.EventPublishingTestExecutionListener]
23:59:40.267 [main] INFO  o.s.b.t.c.SpringBootTestContextBootstrapper - Using TestExecutionListeners: [org.springframework.test.context.web.ServletTestExecutionListener@8e50104, org.springframework.test.context.support.DirtiesContextBeforeModesTestExecutionListener@37e4d7bb, org.springframework.test.context.event.ApplicationEventsTestExecutionListener@6f7923a5, org.springframework.boot.test.mock.mockito.MockitoTestExecutionListener@74a6f9c1, org.springframework.boot.test.autoconfigure.SpringBootDependencyInjectionTestExecutionListener@54eb2b70, org.springframework.test.context.support.DirtiesContextTestExecutionListener@45a37759, org.springframework.test.context.event.EventPublishingTestExecutionListener@63611043, org.springframework.boot.test.mock.mockito.ResetMocksTestExecutionListener@20ca951f, org.springframework.boot.test.autoconfigure.restdocs.RestDocsTestExecutionListener@2d778add, org.springframework.boot.test.autoconfigure.web.client.MockRestServiceServerResetTestExecutionListener@73302995, org.springframework.boot.test.autoconfigure.web.servlet.MockMvcPrintOnlyOnFailureTestExecutionListener@1838ccb8, org.springframework.boot.test.autoconfigure.web.servlet.WebDriverTestExecutionListener@6c2ed0cd, org.springframework.boot.test.autoconfigure.webservices.client.MockWebServiceServerTestExecutionListener@7d9e8ef7]
23:59:40.633 [main] INFO  c.v.a.c.c.TestSplioAppController - Starting TestSplioAppController using Java 1.8.0_292 on hicham-XPS-15-9560 with PID 6075 (started by hicham in /home/hicham/IdeaProjects/Splio)
23:59:40.637 [main] INFO  c.v.a.c.c.TestSplioAppController - No active profile set, falling back to default profiles: default
23:59:42.683 [main] INFO  o.s.s.c.ThreadPoolTaskExecutor - Initializing ExecutorService 'applicationTaskExecutor'
23:59:43.895 [main] INFO  o.s.b.t.m.w.SpringBootMockServletContext - Initializing Spring TestDispatcherServlet ''
23:59:43.895 [main] INFO  o.s.t.w.s.TestDispatcherServlet - Initializing Servlet ''
23:59:43.896 [main] INFO  o.s.t.w.s.TestDispatcherServlet - Completed initialization in 1 ms
23:59:44.047 [main] INFO  c.v.a.c.c.TestSplioAppController - Started TestSplioAppController in 3.723 seconds (JVM running for 5.104)
23:59:44.168 [main] INFO  c.v.controller.SplioAppController - Receiving request within 5.0 km radius
23:59:44.293 [SpringContextShutdownHook] INFO  o.s.s.c.ThreadPoolTaskExecutor - Shutting down ExecutorService 'applicationTaskExecutor'
00:11:27.651 [main] INFO  o.s.b.t.c.SpringBootTestContextBootstrapper - Neither @ContextConfiguration nor @ContextHierarchy found for test class [com.velib.api.client.controller.TestSplioAppController], using SpringBootContextLoader
00:11:27.655 [main] INFO  o.s.t.c.s.AbstractContextLoader - Could not detect default resource locations for test class [com.velib.api.client.controller.TestSplioAppController]: no resource found for suffixes {-context.xml, Context.groovy}.
00:11:27.656 [main] INFO  o.s.t.c.s.AnnotationConfigContextLoaderUtils - Could not detect default configuration classes for test class [com.velib.api.client.controller.TestSplioAppController]: TestSplioAppController does not declare any static, non-private, non-final, nested classes annotated with @Configuration.
00:11:27.753 [main] INFO  o.s.b.t.c.SpringBootTestContextBootstrapper - Found @SpringBootConfiguration com.velib.SplioApp for test class com.velib.api.client.controller.TestSplioAppController
00:11:27.843 [main] INFO  o.s.b.t.c.SpringBootTestContextBootstrapper - Loaded default TestExecutionListener class names from location [META-INF/spring.factories]: [org.springframework.boot.test.mock.mockito.MockitoTestExecutionListener, org.springframework.boot.test.mock.mockito.ResetMocksTestExecutionListener, org.springframework.boot.test.autoconfigure.restdocs.RestDocsTestExecutionListener, org.springframework.boot.test.autoconfigure.web.client.MockRestServiceServerResetTestExecutionListener, org.springframework.boot.test.autoconfigure.web.servlet.MockMvcPrintOnlyOnFailureTestExecutionListener, org.springframework.boot.test.autoconfigure.web.servlet.WebDriverTestExecutionListener, org.springframework.boot.test.autoconfigure.webservices.client.MockWebServiceServerTestExecutionListener, org.springframework.test.context.web.ServletTestExecutionListener, org.springframework.test.context.support.DirtiesContextBeforeModesTestExecutionListener, org.springframework.test.context.event.ApplicationEventsTestExecutionListener, org.springframework.test.context.support.DependencyInjectionTestExecutionListener, org.springframework.test.context.support.DirtiesContextTestExecutionListener, org.springframework.test.context.transaction.TransactionalTestExecutionListener, org.springframework.test.context.jdbc.SqlScriptsTestExecutionListener, org.springframework.test.context.event.EventPublishingTestExecutionListener]
00:11:27.851 [main] INFO  o.s.b.t.c.SpringBootTestContextBootstrapper - Using TestExecutionListeners: [org.springframework.test.context.web.ServletTestExecutionListener@8e50104, org.springframework.test.context.support.DirtiesContextBeforeModesTestExecutionListener@37e4d7bb, org.springframework.test.context.event.ApplicationEventsTestExecutionListener@6f7923a5, org.springframework.boot.test.mock.mockito.MockitoTestExecutionListener@74a6f9c1, org.springframework.boot.test.autoconfigure.SpringBootDependencyInjectionTestExecutionListener@54eb2b70, org.springframework.test.context.support.DirtiesContextTestExecutionListener@45a37759, org.springframework.test.context.event.EventPublishingTestExecutionListener@63611043, org.springframework.boot.test.mock.mockito.ResetMocksTestExecutionListener@20ca951f, org.springframework.boot.test.autoconfigure.restdocs.RestDocsTestExecutionListener@2d778add, org.springframework.boot.test.autoconfigure.web.client.MockRestServiceServerResetTestExecutionListener@73302995, org.springframework.boot.test.autoconfigure.web.servlet.MockMvcPrintOnlyOnFailureTestExecutionListener@1838ccb8, org.springframework.boot.test.autoconfigure.web.servlet.WebDriverTestExecutionListener@6c2ed0cd, org.springframework.boot.test.autoconfigure.webservices.client.MockWebServiceServerTestExecutionListener@7d9e8ef7]
00:11:28.161 [main] INFO  c.v.a.c.c.TestSplioAppController - Starting TestSplioAppController using Java 1.8.0_292 on hicham-XPS-15-9560 with PID 6443 (started by hicham in /home/hicham/IdeaProjects/Splio)
00:11:28.164 [main] INFO  c.v.a.c.c.TestSplioAppController - No active profile set, falling back to default profiles: default
00:11:29.953 [main] INFO  o.s.s.c.ThreadPoolTaskExecutor - Initializing ExecutorService 'applicationTaskExecutor'
00:11:31.096 [main] INFO  o.s.b.t.m.w.SpringBootMockServletContext - Initializing Spring TestDispatcherServlet ''
00:11:31.097 [main] INFO  o.s.t.w.s.TestDispatcherServlet - Initializing Servlet ''
00:11:31.098 [main] INFO  o.s.t.w.s.TestDispatcherServlet - Completed initialization in 1 ms
00:11:31.226 [main] INFO  c.v.a.c.c.TestSplioAppController - Started TestSplioAppController in 3.326 seconds (JVM running for 4.295)
00:11:31.334 [main] INFO  c.v.controller.SplioAppController - Receiving request within 5.0 km radius
00:11:31.484 [SpringContextShutdownHook] INFO  o.s.s.c.ThreadPoolTaskExecutor - Shutting down ExecutorService 'applicationTaskExecutor'
00:15:54.308 [main] INFO  o.s.b.t.c.SpringBootTestContextBootstrapper - Neither @ContextConfiguration nor @ContextHierarchy found for test class [com.velib.api.client.controller.TestSplioAppController], using SpringBootContextLoader
00:15:54.313 [main] INFO  o.s.t.c.s.AbstractContextLoader - Could not detect default resource locations for test class [com.velib.api.client.controller.TestSplioAppController]: no resource found for suffixes {-context.xml, Context.groovy}.
00:15:54.314 [main] INFO  o.s.t.c.s.AnnotationConfigContextLoaderUtils - Could not detect default configuration classes for test class [com.velib.api.client.controller.TestSplioAppController]: TestSplioAppController does not declare any static, non-private, non-final, nested classes annotated with @Configuration.
00:15:54.404 [main] INFO  o.s.b.t.c.SpringBootTestContextBootstrapper - Found @SpringBootConfiguration com.velib.SplioApp for test class com.velib.api.client.controller.TestSplioAppController
00:15:54.496 [main] INFO  o.s.b.t.c.SpringBootTestContextBootstrapper - Loaded default TestExecutionListener class names from location [META-INF/spring.factories]: [org.springframework.boot.test.mock.mockito.MockitoTestExecutionListener, org.springframework.boot.test.mock.mockito.ResetMocksTestExecutionListener, org.springframework.boot.test.autoconfigure.restdocs.RestDocsTestExecutionListener, org.springframework.boot.test.autoconfigure.web.client.MockRestServiceServerResetTestExecutionListener, org.springframework.boot.test.autoconfigure.web.servlet.MockMvcPrintOnlyOnFailureTestExecutionListener, org.springframework.boot.test.autoconfigure.web.servlet.WebDriverTestExecutionListener, org.springframework.boot.test.autoconfigure.webservices.client.MockWebServiceServerTestExecutionListener, org.springframework.test.context.web.ServletTestExecutionListener, org.springframework.test.context.support.DirtiesContextBeforeModesTestExecutionListener, org.springframework.test.context.event.ApplicationEventsTestExecutionListener, org.springframework.test.context.support.DependencyInjectionTestExecutionListener, org.springframework.test.context.support.DirtiesContextTestExecutionListener, org.springframework.test.context.transaction.TransactionalTestExecutionListener, org.springframework.test.context.jdbc.SqlScriptsTestExecutionListener, org.springframework.test.context.event.EventPublishingTestExecutionListener]
00:15:54.504 [main] INFO  o.s.b.t.c.SpringBootTestContextBootstrapper - Using TestExecutionListeners: [org.springframework.test.context.web.ServletTestExecutionListener@8e50104, org.springframework.test.context.support.DirtiesContextBeforeModesTestExecutionListener@37e4d7bb, org.springframework.test.context.event.ApplicationEventsTestExecutionListener@6f7923a5, org.springframework.boot.test.mock.mockito.MockitoTestExecutionListener@74a6f9c1, org.springframework.boot.test.autoconfigure.SpringBootDependencyInjectionTestExecutionListener@54eb2b70, org.springframework.test.context.support.DirtiesContextTestExecutionListener@45a37759, org.springframework.test.context.event.EventPublishingTestExecutionListener@63611043, org.springframework.boot.test.mock.mockito.ResetMocksTestExecutionListener@20ca951f, org.springframework.boot.test.autoconfigure.restdocs.RestDocsTestExecutionListener@2d778add, org.springframework.boot.test.autoconfigure.web.client.MockRestServiceServerResetTestExecutionListener@73302995, org.springframework.boot.test.autoconfigure.web.servlet.MockMvcPrintOnlyOnFailureTestExecutionListener@1838ccb8, org.springframework.boot.test.autoconfigure.web.servlet.WebDriverTestExecutionListener@6c2ed0cd, org.springframework.boot.test.autoconfigure.webservices.client.MockWebServiceServerTestExecutionListener@7d9e8ef7]
00:15:54.773 [main] INFO  c.v.a.c.c.TestSplioAppController - Starting TestSplioAppController using Java 1.8.0_292 on hicham-XPS-15-9560 with PID 6651 (started by hicham in /home/hicham/IdeaProjects/Splio)
00:15:54.777 [main] INFO  c.v.a.c.c.TestSplioAppController - No active profile set, falling back to default profiles: default
00:15:56.307 [main] INFO  o.s.s.c.ThreadPoolTaskExecutor - Initializing ExecutorService 'applicationTaskExecutor'
00:15:57.257 [main] INFO  o.s.b.t.m.w.SpringBootMockServletContext - Initializing Spring TestDispatcherServlet ''
00:15:57.257 [main] INFO  o.s.t.w.s.TestDispatcherServlet - Initializing Servlet ''
00:15:57.258 [main] INFO  o.s.t.w.s.TestDispatcherServlet - Completed initialization in 1 ms
00:15:57.382 [main] INFO  c.v.a.c.c.TestSplioAppController - Started TestSplioAppController in 2.837 seconds (JVM running for 3.776)
00:15:57.470 [main] INFO  c.v.controller.SplioAppController - Receiving request within 5.0 km radius
00:15:57.594 [SpringContextShutdownHook] INFO  o.s.s.c.ThreadPoolTaskExecutor - Shutting down ExecutorService 'applicationTaskExecutor'
00:18:22.731 [main] INFO  o.s.b.t.c.SpringBootTestContextBootstrapper - Neither @ContextConfiguration nor @ContextHierarchy found for test class [com.velib.api.client.controller.TestSplioAppController], using SpringBootContextLoader
00:18:22.738 [main] INFO  o.s.t.c.s.AbstractContextLoader - Could not detect default resource locations for test class [com.velib.api.client.controller.TestSplioAppController]: no resource found for suffixes {-context.xml, Context.groovy}.
00:18:22.739 [main] INFO  o.s.t.c.s.AnnotationConfigContextLoaderUtils - Could not detect default configuration classes for test class [com.velib.api.client.controller.TestSplioAppController]: TestSplioAppController does not declare any static, non-private, non-final, nested classes annotated with @Configuration.
00:18:22.848 [main] INFO  o.s.b.t.c.SpringBootTestContextBootstrapper - Found @SpringBootConfiguration com.velib.SplioApp for test class com.velib.api.client.controller.TestSplioAppController
00:18:22.972 [main] INFO  o.s.b.t.c.SpringBootTestContextBootstrapper - Loaded default TestExecutionListener class names from location [META-INF/spring.factories]: [org.springframework.boot.test.mock.mockito.MockitoTestExecutionListener, org.springframework.boot.test.mock.mockito.ResetMocksTestExecutionListener, org.springframework.boot.test.autoconfigure.restdocs.RestDocsTestExecutionListener, org.springframework.boot.test.autoconfigure.web.client.MockRestServiceServerResetTestExecutionListener, org.springframework.boot.test.autoconfigure.web.servlet.MockMvcPrintOnlyOnFailureTestExecutionListener, org.springframework.boot.test.autoconfigure.web.servlet.WebDriverTestExecutionListener, org.springframework.boot.test.autoconfigure.webservices.client.MockWebServiceServerTestExecutionListener, org.springframework.test.context.web.ServletTestExecutionListener, org.springframework.test.context.support.DirtiesContextBeforeModesTestExecutionListener, org.springframework.test.context.event.ApplicationEventsTestExecutionListener, org.springframework.test.context.support.DependencyInjectionTestExecutionListener, org.springframework.test.context.support.DirtiesContextTestExecutionListener, org.springframework.test.context.transaction.TransactionalTestExecutionListener, org.springframework.test.context.jdbc.SqlScriptsTestExecutionListener, org.springframework.test.context.event.EventPublishingTestExecutionListener]
00:18:22.986 [main] INFO  o.s.b.t.c.SpringBootTestContextBootstrapper - Using TestExecutionListeners: [org.springframework.test.context.web.ServletTestExecutionListener@8e50104, org.springframework.test.context.support.DirtiesContextBeforeModesTestExecutionListener@37e4d7bb, org.springframework.test.context.event.ApplicationEventsTestExecutionListener@6f7923a5, org.springframework.boot.test.mock.mockito.MockitoTestExecutionListener@74a6f9c1, org.springframework.boot.test.autoconfigure.SpringBootDependencyInjectionTestExecutionListener@54eb2b70, org.springframework.test.context.support.DirtiesContextTestExecutionListener@45a37759, org.springframework.test.context.event.EventPublishingTestExecutionListener@63611043, org.springframework.boot.test.mock.mockito.ResetMocksTestExecutionListener@20ca951f, org.springframework.boot.test.autoconfigure.restdocs.RestDocsTestExecutionListener@2d778add, org.springframework.boot.test.autoconfigure.web.client.MockRestServiceServerResetTestExecutionListener@73302995, org.springframework.boot.test.autoconfigure.web.servlet.MockMvcPrintOnlyOnFailureTestExecutionListener@1838ccb8, org.springframework.boot.test.autoconfigure.web.servlet.WebDriverTestExecutionListener@6c2ed0cd, org.springframework.boot.test.autoconfigure.webservices.client.MockWebServiceServerTestExecutionListener@7d9e8ef7]
00:18:23.293 [main] INFO  c.v.a.c.c.TestSplioAppController - Starting TestSplioAppController using Java 1.8.0_292 on hicham-XPS-15-9560 with PID 6826 (started by hicham in /home/hicham/IdeaProjects/Splio)
00:18:23.296 [main] INFO  c.v.a.c.c.TestSplioAppController - No active profile set, falling back to default profiles: default
00:18:24.804 [main] INFO  o.s.s.c.ThreadPoolTaskExecutor - Initializing ExecutorService 'applicationTaskExecutor'
00:18:25.738 [main] INFO  o.s.b.t.m.w.SpringBootMockServletContext - Initializing Spring TestDispatcherServlet ''
00:18:25.739 [main] INFO  o.s.t.w.s.TestDispatcherServlet - Initializing Servlet ''
00:18:25.739 [main] INFO  o.s.t.w.s.TestDispatcherServlet - Completed initialization in 0 ms
00:18:25.829 [main] INFO  c.v.a.c.c.TestSplioAppController - Started TestSplioAppController in 2.793 seconds (JVM running for 3.961)
00:18:25.911 [main] INFO  c.v.controller.SplioAppController - Receiving request within 5.0 km radius
00:18:26.042 [SpringContextShutdownHook] INFO  o.s.s.c.ThreadPoolTaskExecutor - Shutting down ExecutorService 'applicationTaskExecutor'
00:18:42.792 [main] INFO  com.velib.SplioApp - Starting SplioApp using Java 1.8.0_292 on hicham-XPS-15-9560 with PID 7082 (/home/hicham/IdeaProjects/Splio/target/classes started by hicham in /home/hicham/IdeaProjects/Splio)
00:18:42.795 [main] INFO  com.velib.SplioApp - No active profile set, falling back to default profiles: default
00:18:43.856 [main] INFO  o.s.b.w.e.tomcat.TomcatWebServer - Tomcat initialized with port(s): 8080 (http)
00:18:43.869 [main] INFO  o.a.coyote.http11.Http11NioProtocol - Initializing ProtocolHandler ["http-nio-8080"]
00:18:43.870 [main] INFO  o.a.catalina.core.StandardService - Starting service [Tomcat]
00:18:43.870 [main] INFO  o.a.catalina.core.StandardEngine - Starting Servlet engine: [Apache Tomcat/9.0.43]
00:18:43.948 [main] INFO  o.a.c.c.C.[Tomcat].[localhost].[/] - Initializing Spring embedded WebApplicationContext
00:18:43.948 [main] INFO  o.s.b.w.s.c.ServletWebServerApplicationContext - Root WebApplicationContext: initialization completed in 1071 ms
00:18:44.357 [main] INFO  o.s.s.c.ThreadPoolTaskExecutor - Initializing ExecutorService 'applicationTaskExecutor'
00:18:45.123 [main] INFO  o.a.coyote.http11.Http11NioProtocol - Starting ProtocolHandler ["http-nio-8080"]
00:18:45.138 [main] INFO  o.s.b.w.e.tomcat.TomcatWebServer - Tomcat started on port(s): 8080 (http) with context path ''
00:18:45.146 [main] INFO  com.velib.SplioApp - Started SplioApp in 2.873 seconds (JVM running for 3.505)
00:19:47.255 [http-nio-8080-exec-1] INFO  o.a.c.c.C.[Tomcat].[localhost].[/] - Initializing Spring DispatcherServlet 'dispatcherServlet'
00:19:47.255 [http-nio-8080-exec-1] INFO  o.s.web.servlet.DispatcherServlet - Initializing Servlet 'dispatcherServlet'
00:19:47.256 [http-nio-8080-exec-1] INFO  o.s.web.servlet.DispatcherServlet - Completed initialization in 1 ms
00:19:48.066 [http-nio-8080-exec-7] INFO  o.s.api.AbstractOpenApiResource - Init duration for springdoc-openapi is: 335 ms
00:20:08.356 [http-nio-8080-exec-8] INFO  c.v.controller.SplioAppController - Receiving request to get the average number of docks available at 3
00:20:08.702 [http-nio-8080-exec-8] ERROR o.a.c.c.C.[.[.[.[dispatcherServlet] - Servlet.service() for servlet [dispatcherServlet] in context with path [] threw exception [Request processing failed; nested exception is java.lang.NullPointerException] with root cause
java.lang.NullPointerException: null
	at com.velib.controller.SplioAppController.getAverageNumberOfDocksAvailablePerHour(SplioAppController.java:83)
	at sun.reflect.NativeMethodAccessorImpl.invoke0(Native Method)
	at sun.reflect.NativeMethodAccessorImpl.invoke(NativeMethodAccessorImpl.java:62)
	at sun.reflect.DelegatingMethodAccessorImpl.invoke(DelegatingMethodAccessorImpl.java:43)
	at java.lang.reflect.Method.invoke(Method.java:498)
	at org.springframework.web.method.support.InvocableHandlerMethod.doInvoke(InvocableHandlerMethod.java:197)
	at org.springframework.web.method.support.InvocableHandlerMethod.invokeForRequest(InvocableHandlerMethod.java:141)
	at org.springframework.web.servlet.mvc.method.annotation.ServletInvocableHandlerMethod.invokeAndHandle(ServletInvocableHandlerMethod.java:106)
	at org.springframework.web.servlet.mvc.method.annotation.RequestMappingHandlerAdapter.invokeHandlerMethod(RequestMappingHandlerAdapter.java:894)
	at org.springframework.web.servlet.mvc.method.annotation.RequestMappingHandlerAdapter.handleInternal(RequestMappingHandlerAdapter.java:808)
	at org.springframework.web.servlet.mvc.method.AbstractHandlerMethodAdapter.handle(AbstractHandlerMethodAdapter.java:87)
	at org.springframework.web.servlet.DispatcherServlet.doDispatch(DispatcherServlet.java:1060)
	at org.springframework.web.servlet.DispatcherServlet.doService(DispatcherServlet.java:962)
	at org.springframework.web.servlet.FrameworkServlet.processRequest(FrameworkServlet.java:1006)
	at org.springframework.web.servlet.FrameworkServlet.doGet(FrameworkServlet.java:898)
	at javax.servlet.http.HttpServlet.service(HttpServlet.java:626)
	at org.springframework.web.servlet.FrameworkServlet.service(FrameworkServlet.java:883)
	at javax.servlet.http.HttpServlet.service(HttpServlet.java:733)
	at org.apache.catalina.core.ApplicationFilterChain.internalDoFilter(ApplicationFilterChain.java:227)
	at org.apache.catalina.core.ApplicationFilterChain.doFilter(ApplicationFilterChain.java:162)
	at org.apache.tomcat.websocket.server.WsFilter.doFilter(WsFilter.java:53)
	at org.apache.catalina.core.ApplicationFilterChain.internalDoFilter(ApplicationFilterChain.java:189)
	at org.apache.catalina.core.ApplicationFilterChain.doFilter(ApplicationFilterChain.java:162)
	at org.springframework.web.filter.RequestContextFilter.doFilterInternal(RequestContextFilter.java:100)
	at org.springframework.web.filter.OncePerRequestFilter.doFilter(OncePerRequestFilter.java:119)
	at org.apache.catalina.core.ApplicationFilterChain.internalDoFilter(ApplicationFilterChain.java:189)
	at org.apache.catalina.core.ApplicationFilterChain.doFilter(ApplicationFilterChain.java:162)
	at org.springframework.web.filter.FormContentFilter.doFilterInternal(FormContentFilter.java:93)
	at org.springframework.web.filter.OncePerRequestFilter.doFilter(OncePerRequestFilter.java:119)
	at org.apache.catalina.core.ApplicationFilterChain.internalDoFilter(ApplicationFilterChain.java:189)
	at org.apache.catalina.core.ApplicationFilterChain.doFilter(ApplicationFilterChain.java:162)
	at org.springframework.web.filter.CharacterEncodingFilter.doFilterInternal(CharacterEncodingFilter.java:201)
	at org.springframework.web.filter.OncePerRequestFilter.doFilter(OncePerRequestFilter.java:119)
	at org.apache.catalina.core.ApplicationFilterChain.internalDoFilter(ApplicationFilterChain.java:189)
	at org.apache.catalina.core.ApplicationFilterChain.doFilter(ApplicationFilterChain.java:162)
	at org.apache.catalina.core.StandardWrapperValve.invoke(StandardWrapperValve.java:202)
	at org.apache.catalina.core.StandardContextValve.invoke(StandardContextValve.java:97)
	at org.apache.catalina.authenticator.AuthenticatorBase.invoke(AuthenticatorBase.java:542)
	at org.apache.catalina.core.StandardHostValve.invoke(StandardHostValve.java:143)
	at org.apache.catalina.valves.ErrorReportValve.invoke(ErrorReportValve.java:92)
	at org.apache.catalina.core.StandardEngineValve.invoke(StandardEngineValve.java:78)
	at org.apache.catalina.connector.CoyoteAdapter.service(CoyoteAdapter.java:346)
	at org.apache.coyote.http11.Http11Processor.service(Http11Processor.java:374)
	at org.apache.coyote.AbstractProcessorLight.process(AbstractProcessorLight.java:65)
	at org.apache.coyote.AbstractProtocol$ConnectionHandler.process(AbstractProtocol.java:887)
	at org.apache.tomcat.util.net.NioEndpoint$SocketProcessor.doRun(NioEndpoint.java:1684)
	at org.apache.tomcat.util.net.SocketProcessorBase.run(SocketProcessorBase.java:49)
	at java.util.concurrent.ThreadPoolExecutor.runWorker(ThreadPoolExecutor.java:1149)
	at java.util.concurrent.ThreadPoolExecutor$Worker.run(ThreadPoolExecutor.java:624)
	at org.apache.tomcat.util.threads.TaskThread$WrappingRunnable.run(TaskThread.java:61)
	at java.lang.Thread.run(Thread.java:748)
00:20:59.084 [http-nio-8080-exec-1] INFO  c.v.controller.SplioAppController - Receiving request to get the average number of docks available at 15
00:23:33.680 [http-nio-8080-exec-4] INFO  c.v.controller.SplioAppController - Receiving request to get the average number of available bikes at 7
00:23:49.849 [http-nio-8080-exec-3] INFO  c.v.controller.SplioAppController - Receiving request within 0.3 km radius
10:15:09.876 [main] INFO  com.velib.SplioApp - Starting SplioApp using Java 1.8.0_312 on A375-ubuntu with PID 4781 (/home/bnpp0002/IdeaProjects/Splio/target/classes started by bnpp0002 in /home/bnpp0002/IdeaProjects/Splio)
10:15:09.879 [main] INFO  com.velib.SplioApp - No active profile set, falling back to default profiles: default
10:15:11.017 [main] INFO  o.s.b.w.e.tomcat.TomcatWebServer - Tomcat initialized with port(s): 8080 (http)
10:15:11.030 [main] INFO  o.a.coyote.http11.Http11NioProtocol - Initializing ProtocolHandler ["http-nio-8080"]
10:15:11.030 [main] INFO  o.a.catalina.core.StandardService - Starting service [Tomcat]
10:15:11.030 [main] INFO  o.a.catalina.core.StandardEngine - Starting Servlet engine: [Apache Tomcat/9.0.43]
10:15:11.099 [main] INFO  o.a.c.c.C.[Tomcat].[localhost].[/] - Initializing Spring embedded WebApplicationContext
10:15:11.099 [main] INFO  o.s.b.w.s.c.ServletWebServerApplicationContext - Root WebApplicationContext: initialization completed in 1160 ms
10:15:11.521 [main] INFO  o.s.s.c.ThreadPoolTaskExecutor - Initializing ExecutorService 'applicationTaskExecutor'
10:15:12.307 [main] INFO  o.a.coyote.http11.Http11NioProtocol - Starting ProtocolHandler ["http-nio-8080"]
10:15:12.325 [main] INFO  o.s.b.w.e.tomcat.TomcatWebServer - Tomcat started on port(s): 8080 (http) with context path ''
10:15:12.339 [main] INFO  com.velib.SplioApp - Started SplioApp in 2.985 seconds (JVM running for 3.739)
10:15:18.232 [http-nio-8080-exec-1] INFO  o.a.c.c.C.[Tomcat].[localhost].[/] - Initializing Spring DispatcherServlet 'dispatcherServlet'
10:15:18.233 [http-nio-8080-exec-1] INFO  o.s.web.servlet.DispatcherServlet - Initializing Servlet 'dispatcherServlet'
10:15:18.234 [http-nio-8080-exec-1] INFO  o.s.web.servlet.DispatcherServlet - Completed initialization in 1 ms
10:15:19.498 [http-nio-8080-exec-6] INFO  o.s.api.AbstractOpenApiResource - Init duration for springdoc-openapi is: 648 ms
10:15:30.484 [http-nio-8080-exec-10] INFO  c.v.controller.SplioAppController - Receiving request to get the average number of docks available at 5
10:15:44.551 [http-nio-8080-exec-1] INFO  c.v.controller.SplioAppController - Receiving request to get the average number of available bikes at 10
10:15:57.748 [http-nio-8080-exec-2] INFO  c.v.controller.SplioAppController - Receiving request to get velib status per stations within 0.5 km radius
10:22:47.540 [SpringContextShutdownHook] INFO  o.s.s.c.ThreadPoolTaskExecutor - Shutting down ExecutorService 'applicationTaskExecutor'
10:33:11.559 [main] INFO  com.velib.SplioApp - Starting SplioApp using Java 1.8.0_312 on A375-ubuntu with PID 6239 (/home/bnpp0002/IdeaProjects/Splio/target/classes started by bnpp0002 in /home/bnpp0002/IdeaProjects/Splio)
10:33:11.563 [main] INFO  com.velib.SplioApp - No active profile set, falling back to default profiles: default
10:33:12.527 [main] INFO  o.s.b.w.e.tomcat.TomcatWebServer - Tomcat initialized with port(s): 8080 (http)
10:33:12.540 [main] INFO  o.a.coyote.http11.Http11NioProtocol - Initializing ProtocolHandler ["http-nio-8080"]
10:33:12.540 [main] INFO  o.a.catalina.core.StandardService - Starting service [Tomcat]
10:33:12.541 [main] INFO  o.a.catalina.core.StandardEngine - Starting Servlet engine: [Apache Tomcat/9.0.43]
10:33:12.618 [main] INFO  o.a.c.c.C.[Tomcat].[localhost].[/] - Initializing Spring embedded WebApplicationContext
10:33:12.619 [main] INFO  o.s.b.w.s.c.ServletWebServerApplicationContext - Root WebApplicationContext: initialization completed in 1000 ms
10:33:13.058 [main] INFO  o.s.s.c.ThreadPoolTaskExecutor - Initializing ExecutorService 'applicationTaskExecutor'
10:33:13.942 [main] INFO  o.a.coyote.http11.Http11NioProtocol - Starting ProtocolHandler ["http-nio-8080"]
10:33:13.961 [main] INFO  o.s.b.w.e.tomcat.TomcatWebServer - Tomcat started on port(s): 8080 (http) with context path ''
10:33:13.973 [main] INFO  com.velib.SplioApp - Started SplioApp in 2.832 seconds (JVM running for 3.71)
10:33:16.643 [http-nio-8080-exec-1] INFO  o.a.c.c.C.[Tomcat].[localhost].[/] - Initializing Spring DispatcherServlet 'dispatcherServlet'
10:33:16.643 [http-nio-8080-exec-1] INFO  o.s.web.servlet.DispatcherServlet - Initializing Servlet 'dispatcherServlet'
10:33:16.644 [http-nio-8080-exec-1] INFO  o.s.web.servlet.DispatcherServlet - Completed initialization in 1 ms
10:33:17.884 [http-nio-8080-exec-3] INFO  o.s.api.AbstractOpenApiResource - Init duration for springdoc-openapi is: 756 ms
